2025-06-06 17:39:41,358 - INFO - Starting support analysis pipeline
2025-06-06 17:39:45,855 - ERROR - Input file '/Users/alejandrorivero/My\ Drive\ \(alexpioli@gmail.com\)/Pessoal/Automattic/Projects/AI\ Squad/CSAT\ bots/Sentiment\ analysis\ and\ summarization/Local\ scripts\ -\ Next\ generation\ i2/testcsv-may23-test-limited15.csv' not found
2025-06-06 17:48:12,890 - INFO - Starting support analysis pipeline
2025-06-06 17:48:20,627 - INFO - Running initial data cleanup on input file
2025-06-06 17:48:20,627 - INFO - Running: /usr/local/bin/python3 support-data-precleanup.py -file=/Users/alejandrorivero/My Drive (alexpioli@gmail.com)/Pessoal/Automattic/Projects/AI Squad/CSAT bots/Sentiment analysis and summarization/Local scripts - Next generation i2/testcsv-may23-test-limited15.csv
2025-06-06 17:48:20,958 - INFO - Completed support-data-precleanup.py in 0.33 seconds
2025-06-06 17:48:20,958 - INFO - Found latest file: testcsv-may23-test-limited15-preclean.csv
2025-06-06 17:48:20,958 - INFO - Running: /usr/local/bin/python3 main-analysis-process.py -file=testcsv-may23-test-limited15-preclean.csv
2025-06-06 17:49:27,728 - INFO - Completed main-analysis-process.py in 66.77 seconds
2025-06-06 17:49:27,729 - INFO - Found latest file: support-analysis-output_v12-2025-06-06_17h48.csv
2025-06-06 17:49:27,729 - INFO - Running: /usr/local/bin/python3 support-data-cleanup.py -file=support-analysis-output_v12-2025-06-06_17h48.csv
2025-06-06 17:49:28,066 - INFO - Completed support-data-cleanup.py in 0.34 seconds
2025-06-06 17:49:28,066 - INFO - Found latest file: support-analysis-output_v12-2025-06-06_17h48-clean.csv
2025-06-06 17:49:28,066 - INFO - Running: /usr/local/bin/python3 predict_csat.py -file=support-analysis-output_v12-2025-06-06_17h48-clean.csv
2025-06-06 17:49:28,295 - INFO - Completed predict_csat.py in 0.23 seconds
2025-06-06 17:49:28,296 - INFO - Found latest file: support-analysis-output-predictive-csat-2025-06-06-174928.csv
2025-06-06 17:49:28,296 - INFO - Running: /usr/local/bin/python3 topic-aggregator.py -file=support-analysis-output-predictive-csat-2025-06-06-174928.csv
2025-06-06 17:49:41,988 - INFO - Completed topic-aggregator.py in 13.69 seconds
2025-06-06 17:49:41,988 - INFO - Running: /usr/local/bin/python3 csat-trends.py -file=support-analysis-output-predictive-csat-2025-06-06-174928.csv
2025-06-06 17:50:14,961 - INFO - Completed csat-trends.py in 32.97 seconds
2025-06-06 17:50:14,961 - INFO - Running: /usr/local/bin/python3 product-feedback-trends.py -file=support-analysis-output-predictive-csat-2025-06-06-174928.csv
2025-06-06 17:50:44,254 - INFO - Completed product-feedback-trends.py in 29.29 seconds
2025-06-06 17:50:44,254 - INFO - Running: /usr/local/bin/python3 goals-trends.py -file=support-analysis-output-predictive-csat-2025-06-06-174928.csv
2025-06-06 17:51:10,183 - INFO - Completed goals-trends.py in 25.93 seconds
2025-06-06 17:51:10,183 - INFO - Support analysis pipeline completed successfully
2025-06-06 18:30:19,896 - INFO - Starting support analysis pipeline
2025-06-06 18:31:09,161 - INFO - Starting support analysis pipeline
2025-06-06 18:31:17,688 - INFO - Starting support analysis pipeline
2025-06-06 18:32:21,071 - INFO - Starting support analysis pipeline
2025-06-06 18:34:33,878 - INFO - Starting support analysis pipeline
2025-06-06 18:34:49,967 - INFO - Starting support analysis pipeline
2025-06-06 18:37:53,829 - INFO - Starting support analysis pipeline
2025-06-06 18:38:47,125 - INFO - Starting support analysis pipeline
2025-10-14 09:44:27,718 - INFO - Starting support analysis pipeline
2025-10-14 09:44:39,433 - INFO - Running initial data cleanup on input file
2025-10-14 09:44:39,433 - INFO - 🐍 Found Python: /Library/Frameworks/Python.framework/Versions/3.13/bin/python3 (Development)
2025-10-14 09:44:39,433 - INFO -    Running: support-data-precleanup.py -file=/Users/alejandrorivero/Downloads/sep-2025-support-analysis/data/support-volume-sep25.csv
2025-10-14 09:45:49,126 - INFO - Starting support analysis pipeline
2025-10-14 09:45:54,024 - INFO - Running initial data cleanup on input file
2025-10-14 09:45:54,024 - INFO - 🐍 Found Python: /Library/Frameworks/Python.framework/Versions/3.13/bin/python3 (Development)
2025-10-14 09:45:54,024 - INFO -    Running: support-data-precleanup.py -file=/Users/alejandrorivero/Downloads/sep-2025-support-analysis/raw support data/sep1.csv
2025-10-14 09:45:54,595 - INFO -    ✅ Completed support-data-precleanup.py in 0.57 seconds
2025-10-14 09:45:54,595 - INFO -    📋 Output: CSV Data Cleanup Tool
This script will remove rows containing specific patterns and save a clean version.
Reading file: /Users/alejandrorivero/Downloads/sep-2025-support-analysis/raw support data/sep1.csv
Original file has 1241 rows.

--- Cleanup Report ---
Rows containing 'Analysis incomplete': 0 removed
Rows containing 'wpcom_received_generic_not_ai_eligible': 116 removed
Rows containing 'debug_messages': 19 removed
Rows containing 'closed_by_automerge': 57 removed
Rows containing 'cl_dotcom_likely_spam_promo': 21 removed
Rows containing 'close_now': 24 removed
Total rows removed: 237
Remaining rows: 1004
Cleaned file saved as: /Users/alejandrorivero/Downloads/sep-2025-support-analysis/raw support data/sep1-preclean.csv
2025-10-14 09:45:54,595 - ERROR - No files found matching pattern: *-preclean*.csv
2025-10-14 09:46:37,725 - INFO - Starting support analysis pipeline
2025-10-14 09:46:42,144 - INFO - Running initial data cleanup on input file
2025-10-14 09:46:42,144 - INFO - 🐍 Found Python: /Library/Frameworks/Python.framework/Versions/3.13/bin/python3 (Development)
2025-10-14 09:46:42,144 - INFO -    Running: support-data-precleanup.py -file=/Users/alejandrorivero/My Drive/Pessoal/Automattic/Projects/AI Squad/CSAT bots/Sentiment analysis and summarization/Local scripts - Next generation i2/support-volume-sep25.csv
2025-10-14 11:25:54,927 - INFO - Starting support analysis pipeline
2025-10-14 11:26:25,521 - INFO - Running initial data cleanup on input file
2025-10-14 11:26:25,521 - INFO - 🐍 Found Python: /Library/Frameworks/Python.framework/Versions/3.13/bin/python3 (Development)
2025-10-14 11:26:25,521 - INFO -    Running: support-data-precleanup.py -file=/Users/alejandrorivero/My Drive/Pessoal/Automattic/Projects/AI Squad/CSAT bots/Sentiment analysis and summarization/Local scripts - Next generation i2/support-volume-sep25.csv
2025-11-20 15:30:32,109 - INFO - Starting support analysis pipeline
2025-11-20 15:30:32,112 - INFO - Running initial data cleanup on input file
2025-11-20 15:30:32,112 - INFO - 🐍 Found Python: /Library/Frameworks/Python.framework/Versions/3.12/bin/python3 (Development)
2025-11-20 15:30:32,112 - INFO -    Running: support-data-precleanup.py -file=/Users/alejandrorivero/Downloads/oct16-22-2025-support-analysis/oct16-22.csv
2025-11-20 15:30:32,396 - INFO -    ✅ Completed support-data-precleanup.py in 0.28 seconds
2025-11-20 15:30:32,396 - INFO -    📋 Output: CSV Data Cleanup Tool
This script will remove rows containing specific patterns and save a clean version.
Reading file: /Users/alejandrorivero/Downloads/oct16-22-2025-support-analysis/oct16-22.csv
An error occurred: Error tokenizing data. C error: Expected 14 fields in line 1136, saw 45
2025-11-20 15:30:32,397 - ERROR - No files found matching pattern: *-preclean*.csv
2025-11-20 15:41:29,564 - INFO - Starting support analysis pipeline
2025-11-20 15:41:29,571 - INFO - Running initial data cleanup on input file
2025-11-20 15:41:29,571 - INFO - 🐍 Found Python: /Library/Frameworks/Python.framework/Versions/3.13/bin/python3 (Development)
2025-11-20 15:41:29,571 - INFO -    Running: support-data-precleanup.py -file=/Users/alejandrorivero/Downloads/oct16-22-2025-support-analysis/oct16-22.csv
2025-11-20 15:41:32,495 - INFO -    ✅ Completed support-data-precleanup.py in 2.92 seconds
2025-11-20 15:41:32,495 - INFO -    📋 Output: CSV Data Cleanup Tool
This script will remove rows containing specific patterns and save a clean version.
Reading file: /Users/alejandrorivero/Downloads/oct16-22-2025-support-analysis/oct16-22.csv
An error occurred: Error tokenizing data. C error: Expected 14 fields in line 1136, saw 45
2025-11-20 15:41:32,495 - ERROR - No files found matching pattern: *-preclean*.csv
2025-11-20 15:42:46,495 - INFO - Starting support analysis pipeline
2025-11-20 15:42:46,501 - INFO - Running initial data cleanup on input file
2025-11-20 15:42:46,501 - INFO - 🐍 Found Python: /Library/Frameworks/Python.framework/Versions/3.13/bin/python3 (Development)
2025-11-20 15:42:46,501 - INFO -    Running: support-data-precleanup.py -file=/Users/alejandrorivero/Downloads/oct16-22-2025-support-analysis/oct16-22.csv
2025-11-20 15:42:47,391 - INFO -    ✅ Completed support-data-precleanup.py in 0.89 seconds
2025-11-20 15:42:47,391 - INFO -    📋 Output: CSV Data Cleanup Tool
This script will remove rows containing specific patterns and save a clean version.
Reading file: /Users/alejandrorivero/Downloads/oct16-22-2025-support-analysis/oct16-22.csv
Original file has 1715 rows.

--- Cleanup Report ---
Rows containing 'Analysis incomplete': 0 removed
Rows containing 'wpcom_received_generic_not_ai_eligible': 164 removed
Rows containing 'debug_messages': 79 removed
Rows containing 'closed_by_automerge': 64 removed
Rows containing 'cl_dotcom_likely_spam_promo': 26 removed
Rows containing 'close_now': 28 removed
Total rows removed: 361
Remaining rows: 1354
Cleaned file saved as: /Users/alejandrorivero/Downloads/oct16-22-2025-support-analysis/oct16-22-preclean.csv
2025-11-20 15:42:47,391 - ERROR - No files found matching pattern: *-preclean*.csv
2025-11-20 15:43:48,157 - INFO - Starting support analysis pipeline
2025-11-20 15:43:48,164 - INFO - Running initial data cleanup on input file
2025-11-20 15:43:48,164 - INFO - 🐍 Found Python: /Library/Frameworks/Python.framework/Versions/3.13/bin/python3 (Development)
2025-11-20 15:43:48,164 - INFO -    Running: support-data-precleanup.py -file=/Users/alejandrorivero/Downloads/oct16-22-2025-support-analysis/oct16-22.csv
2025-11-20 15:43:49,036 - INFO -    ✅ Completed support-data-precleanup.py in 0.87 seconds
2025-11-20 15:43:49,036 - INFO -    📋 Output: CSV Data Cleanup Tool
This script will remove rows containing specific patterns and save a clean version.
Reading file: /Users/alejandrorivero/Downloads/oct16-22-2025-support-analysis/oct16-22.csv
Original file has 1715 rows.

--- Cleanup Report ---
Rows containing 'Analysis incomplete': 0 removed
Rows containing 'wpcom_received_generic_not_ai_eligible': 164 removed
Rows containing 'debug_messages': 79 removed
Rows containing 'closed_by_automerge': 64 removed
Rows containing 'cl_dotcom_likely_spam_promo': 26 removed
Rows containing 'close_now': 28 removed
Total rows removed: 361
Remaining rows: 1354
Cleaned file saved as: /Users/alejandrorivero/Downloads/oct16-22-2025-support-analysis/oct16-22-preclean.csv
2025-11-20 15:43:49,036 - INFO - Found latest file: /Users/alejandrorivero/Downloads/oct16-22-2025-support-analysis/oct16-22-preclean.csv
2025-11-20 15:43:49,036 - INFO - 🐍 Found Python: /Library/Frameworks/Python.framework/Versions/3.13/bin/python3 (Development)
2025-11-20 15:43:49,036 - INFO -    Running: main-analysis-process.py -file=/Users/alejandrorivero/Downloads/oct16-22-2025-support-analysis/oct16-22-preclean.csv
